Start testing: Dec 07 00:36 CET
----------------------------------------------------------
1/1 Testing: CommonPthreadError
1/1 Test: CommonPthreadError
Command: "/usr/bin/perl" "/home/mohamad/Desktop/tp_threads/tests/pthcocci.pl"
Directory: /home/mohamad/Desktop/tp_threads/build
"CommonPthreadError" start time: Dec 07 00:36 CET
Output:
----------------------------------------------------------
sh: 1: spatch: not found
Can't exec "spatch": No such file or directory at /home/mohamad/Desktop/tp_threads/tests/pthcocci.pl line 17.
<end of output>
Test time =   0.03 sec
----------------------------------------------------------
Test Passed.
"CommonPthreadError" end time: Dec 07 00:36 CET
"CommonPthreadError" time elapsed: 00:00:00
----------------------------------------------------------

End testing: Dec 07 00:36 CET
